2021-10-19 17:39:07,479 | __main__ | DEBUG:Datalogger thread class has been started!
-----------------------------------------------------------------------------------------------
2021-10-19 17:39:07,480 | __main__ | DEBUG:Watchdog thread has been started!
-----------------------------------------------------------------------------------------------
2021-10-19 17:39:07,483 | __main__ | DEBUG:b'MEASure:INStrument AH,STATE,ON\n' has been sent to Delta!
-----------------------------------------------------------------------------------------------
2021-10-19 17:39:07,483 | __main__ | DEBUG:b'SYSTem:COMmunicate:WATchdog SET,5000\n' has been sent to Delta!
-----------------------------------------------------------------------------------------------
2021-10-19 17:39:07,483 | __main__ | DEBUG:Datalogger thread class for basic dataframe is running!
-----------------------------------------------------------------------------------------------
2021-10-19 17:39:07,484 | __main__ | DEBUG:Watchdog thread is running!
-----------------------------------------------------------------------------------------------
2021-10-19 17:39:07,515 | __main__ | DEBUG:11.5002 has been received from Delta!
-----------------------------------------------------------------------------------------------
2021-10-19 17:39:07,520 | __main__ | DEBUG:-139.2319 has been received from Delta!
-----------------------------------------------------------------------------------------------
2021-10-19 17:39:07,540 | __main__ | DEBUG:-1626.25 has been received from Delta!
-----------------------------------------------------------------------------------------------
2021-10-19 17:39:07,570 | __main__ | DEBUG:0.0000e+00 has been received from Delta!
-----------------------------------------------------------------------------------------------
2021-10-19 17:39:07,586 | __main__ | DEBUG:0.0000e+00 has been received from Delta!
-----------------------------------------------------------------------------------------------
2021-10-19 17:39:07,616 | __main__ | DEBUG:0.1 has been received from Delta!
-----------------------------------------------------------------------------------------------
2021-10-19 17:39:07,632 | __main__ | DEBUG:0.000 has been received from Delta!
-----------------------------------------------------------------------------------------------
2021-10-19 17:39:07,632 | __main__ | DEBUG:Voltage: 11.5002V, Current: -139.2319A, Power: -1626.25W, PositiveAh: 0.0000e+00, NegativeAh: 0.0000e+00, AhSeconds: 0.1AhHours: 0.000
-----------------------------------------------------------------------------------------------
2021-10-19 17:39:08,490 | __main__ | DEBUG:Discharger thread class has been started!
-----------------------------------------------------------------------------------------------
2021-10-19 17:39:08,490 | __main__ | DEBUG:Discharger is being initialized!
-----------------------------------------------------------------------------------------------
2021-10-19 17:39:08,506 | __main__ | DEBUG:b'SYSTem:FROntpanel:HIGhlight\n' has been sent to Delta!
-----------------------------------------------------------------------------------------------
2021-10-19 17:39:08,522 | __main__ | DEBUG:b'SYSTem:LIMits:VOLtage 12.0,ON\n' has been sent to Delta!
-----------------------------------------------------------------------------------------------
2021-10-19 17:39:08,541 | __main__ | DEBUG:12.00,ON has been received from Delta!
-----------------------------------------------------------------------------------------------
2021-10-19 17:39:08,554 | __main__ | DEBUG:b'SYSTem:LIMits:CURrent:NEGative -410,ON\n' has been sent to Delta!
-----------------------------------------------------------------------------------------------
2021-10-19 17:39:08,573 | __main__ | DEBUG:-410.0,ON has been received from Delta!
-----------------------------------------------------------------------------------------------
2021-10-19 17:39:08,600 | __main__ | DEBUG:b'SYSTem:LIMits:POWer:NEGative -4700.0,ON\n' has been sent to Delta!
-----------------------------------------------------------------------------------------------
2021-10-19 17:39:08,619 | __main__ | DEBUG:-4700,ON has been received from Delta!
-----------------------------------------------------------------------------------------------
2021-10-19 17:39:09,628 | __main__ | DEBUG:Discharging stage is started!
-----------------------------------------------------------------------------------------------
2021-10-19 17:39:09,643 | __main__ | DEBUG:b'SOURce:VOLtage 11.5\n' has been sent to Delta!
-----------------------------------------------------------------------------------------------
2021-10-19 17:39:09,661 | __main__ | DEBUG:11.5000 has been received from Delta!
-----------------------------------------------------------------------------------------------
2021-10-19 17:39:09,688 | __main__ | DEBUG:b'SOURce:CURrent:NEGative -400\n' has been sent to Delta!
-----------------------------------------------------------------------------------------------
2021-10-19 17:39:09,707 | __main__ | DEBUG:-400.0000 has been received from Delta!
-----------------------------------------------------------------------------------------------
2021-10-19 17:39:09,720 | __main__ | DEBUG:b'SOURce:POWer:NEGative -4650.0\n' has been sent to Delta!
-----------------------------------------------------------------------------------------------
2021-10-19 17:39:09,739 | __main__ | DEBUG:-4650 has been received from Delta!
-----------------------------------------------------------------------------------------------
2021-10-19 17:39:10,759 | __main__ | DEBUG:b'OUTPut 1\n' has been sent to Delta!
-----------------------------------------------------------------------------------------------
2021-10-19 17:39:10,778 | __main__ | DEBUG:1 has been received from Delta!
-----------------------------------------------------------------------------------------------
2021-10-19 17:39:11,507 | __main__ | DEBUG:5000 has been received from Delta!
-----------------------------------------------------------------------------------------------
2021-10-19 17:39:11,507 | __main__ | DEBUG:Watchdog is still active!
-----------------------------------------------------------------------------------------------
2021-10-19 17:39:11,507 | __main__ | DEBUG:Watchdog thread is running!
-----------------------------------------------------------------------------------------------
2021-10-19 17:39:11,788 | __main__ | DEBUG:Discharger thread class is running!
-----------------------------------------------------------------------------------------------
2021-10-19 17:39:12,639 | __main__ | DEBUG:Datalogger thread class for basic dataframe is running!
-----------------------------------------------------------------------------------------------
2021-10-19 17:39:12,658 | __main__ | DEBUG:11.4990 has been received from Delta!
-----------------------------------------------------------------------------------------------
2021-10-19 17:39:12,674 | __main__ | DEBUG:-134.5199 has been received from Delta!
-----------------------------------------------------------------------------------------------
2021-10-19 17:39:12,690 | __main__ | DEBUG:-1571.21 has been received from Delta!
-----------------------------------------------------------------------------------------------
2021-10-19 17:39:12,705 | __main__ | DEBUG:0.0000e+00 has been received from Delta!
-----------------------------------------------------------------------------------------------
2021-10-19 17:39:12,735 | __main__ | DEBUG:-1.9740e-01 has been received from Delta!
-----------------------------------------------------------------------------------------------
2021-10-19 17:39:12,751 | __main__ | DEBUG:5.2 has been received from Delta!
-----------------------------------------------------------------------------------------------
2021-10-19 17:39:12,767 | __main__ | DEBUG:0.001 has been received from Delta!
-----------------------------------------------------------------------------------------------
2021-10-19 17:39:12,768 | __main__ | DEBUG:Voltage: 11.4990V, Current: -134.5199A, Power: -1571.21W, PositiveAh: 0.0000e+00, NegativeAh: -1.9740e-01, AhSeconds: 5.2AhHours: 0.001
-----------------------------------------------------------------------------------------------
2021-10-19 17:39:15,541 | __main__ | DEBUG:5000 has been received from Delta!
-----------------------------------------------------------------------------------------------
2021-10-19 17:39:15,541 | __main__ | DEBUG:Watchdog is still active!
-----------------------------------------------------------------------------------------------
2021-10-19 17:39:15,542 | __main__ | DEBUG:Watchdog thread is running!
-----------------------------------------------------------------------------------------------
2021-10-19 17:39:16,809 | __main__ | DEBUG:-131.6731 has been received from Delta!
-----------------------------------------------------------------------------------------------
2021-10-19 17:39:16,809 | __main__ | DEBUG:Discharging is still running!
-----------------------------------------------------------------------------------------------
2021-10-19 17:39:16,810 | __main__ | DEBUG:Discharger thread class is running!
-----------------------------------------------------------------------------------------------
2021-10-19 17:39:17,774 | __main__ | DEBUG:Datalogger thread class for basic dataframe is running!
-----------------------------------------------------------------------------------------------
2021-10-19 17:39:17,793 | __main__ | DEBUG:11.4990 has been received from Delta!
-----------------------------------------------------------------------------------------------
2021-10-19 17:39:17,799 | __main__ | DEBUG:-131.0841 has been received from Delta!
-----------------------------------------------------------------------------------------------
2021-10-19 17:39:17,805 | __main__ | DEBUG:-1531.18 has been received from Delta!
-----------------------------------------------------------------------------------------------
2021-10-19 17:39:17,811 | __main__ | DEBUG:0.0000e+00 has been received from Delta!
-----------------------------------------------------------------------------------------------
2021-10-19 17:39:17,816 | __main__ | DEBUG:-3.8534e-01 has been received from Delta!
-----------------------------------------------------------------------------------------------
2021-10-19 17:39:17,839 | __main__ | DEBUG:10.3 has been received from Delta!
-----------------------------------------------------------------------------------------------
2021-10-19 17:39:17,845 | __main__ | DEBUG:0.003 has been received from Delta!
-----------------------------------------------------------------------------------------------
2021-10-19 17:39:17,845 | __main__ | DEBUG:Voltage: 11.4990V, Current: -131.0841A, Power: -1531.18W, PositiveAh: 0.0000e+00, NegativeAh: -3.8534e-01, AhSeconds: 10.3AhHours: 0.003
-----------------------------------------------------------------------------------------------
2021-10-19 17:39:19,577 | __main__ | DEBUG:5000 has been received from Delta!
-----------------------------------------------------------------------------------------------
2021-10-19 17:39:19,577 | __main__ | DEBUG:Watchdog is still active!
-----------------------------------------------------------------------------------------------
2021-10-19 17:39:19,578 | __main__ | DEBUG:Watchdog thread is running!
-----------------------------------------------------------------------------------------------
2021-10-19 17:39:21,845 | __main__ | DEBUG:-129.0554 has been received from Delta!
-----------------------------------------------------------------------------------------------
2021-10-19 17:39:21,845 | __main__ | DEBUG:Discharging is still running!
-----------------------------------------------------------------------------------------------
2021-10-19 17:39:21,845 | __main__ | DEBUG:Discharger thread class is running!
-----------------------------------------------------------------------------------------------
2021-10-19 17:39:22,854 | __main__ | DEBUG:Datalogger thread class for basic dataframe is running!
-----------------------------------------------------------------------------------------------
2021-10-19 17:39:22,873 | __main__ | DEBUG:11.4990 has been received from Delta!
-----------------------------------------------------------------------------------------------
2021-10-19 17:39:22,879 | __main__ | DEBUG:-128.5645 has been received from Delta!
-----------------------------------------------------------------------------------------------
2021-10-19 17:39:22,906 | __main__ | DEBUG:-1501.16 has been received from Delta!
-----------------------------------------------------------------------------------------------
2021-10-19 17:39:22,916 | __main__ | DEBUG:0.0000e+00 has been received from Delta!
-----------------------------------------------------------------------------------------------
2021-10-19 17:39:22,950 | __main__ | DEBUG:-5.6915e-01 has been received from Delta!
-----------------------------------------------------------------------------------------------
2021-10-19 17:39:22,992 | __main__ | DEBUG:15.4 has been received from Delta!
-----------------------------------------------------------------------------------------------
2021-10-19 17:39:23,010 | __main__ | DEBUG:0.004 has been received from Delta!
-----------------------------------------------------------------------------------------------
2021-10-19 17:39:23,011 | __main__ | DEBUG:Voltage: 11.4990V, Current: -128.5645A, Power: -1501.16W, PositiveAh: 0.0000e+00, NegativeAh: -5.6915e-01, AhSeconds: 15.4AhHours: 0.004
-----------------------------------------------------------------------------------------------
2021-10-19 17:39:23,592 | __main__ | DEBUG:5000 has been received from Delta!
-----------------------------------------------------------------------------------------------
2021-10-19 17:39:23,593 | __main__ | DEBUG:Watchdog is still active!
-----------------------------------------------------------------------------------------------
2021-10-19 17:39:23,593 | __main__ | DEBUG:Watchdog thread is running!
-----------------------------------------------------------------------------------------------
2021-10-19 17:39:26,860 | __main__ | DEBUG:-126.9775 has been received from Delta!
-----------------------------------------------------------------------------------------------
2021-10-19 17:39:26,860 | __main__ | DEBUG:Discharging is still running!
-----------------------------------------------------------------------------------------------
2021-10-19 17:39:26,860 | __main__ | DEBUG:Discharger thread class is running!
-----------------------------------------------------------------------------------------------
2021-10-19 17:39:27,622 | __main__ | DEBUG:5000 has been received from Delta!
-----------------------------------------------------------------------------------------------
2021-10-19 17:39:27,623 | __main__ | DEBUG:Watchdog is still active!
-----------------------------------------------------------------------------------------------
2021-10-19 17:39:27,623 | __main__ | DEBUG:Watchdog thread is running!
-----------------------------------------------------------------------------------------------
2021-10-19 17:39:28,023 | __main__ | DEBUG:Datalogger thread class for basic dataframe is running!
-----------------------------------------------------------------------------------------------
2021-10-19 17:39:28,029 | __main__ | DEBUG:11.4990 has been received from Delta!
-----------------------------------------------------------------------------------------------
2021-10-19 17:39:28,035 | __main__ | DEBUG:-126.5685 has been received from Delta!
-----------------------------------------------------------------------------------------------
2021-10-19 17:39:28,041 | __main__ | DEBUG:-1478.02 has been received from Delta!
-----------------------------------------------------------------------------------------------
2021-10-19 17:39:28,057 | __main__ | DEBUG:0.0000e+00 has been received from Delta!
-----------------------------------------------------------------------------------------------
2021-10-19 17:39:28,073 | __main__ | DEBUG:-7.4971e-01 has been received from Delta!
-----------------------------------------------------------------------------------------------
2021-10-19 17:39:28,085 | __main__ | DEBUG:20.5 has been received from Delta!
-----------------------------------------------------------------------------------------------
2021-10-19 17:39:28,103 | __main__ | DEBUG:0.006 has been received from Delta!
-----------------------------------------------------------------------------------------------
2021-10-19 17:39:28,104 | __main__ | DEBUG:Voltage: 11.4990V, Current: -126.5685A, Power: -1478.02W, PositiveAh: 0.0000e+00, NegativeAh: -7.4971e-01, AhSeconds: 20.5AhHours: 0.006
-----------------------------------------------------------------------------------------------
2021-10-19 17:39:31,652 | __main__ | DEBUG:5000 has been received from Delta!
-----------------------------------------------------------------------------------------------
2021-10-19 17:39:31,653 | __main__ | DEBUG:Watchdog is still active!
-----------------------------------------------------------------------------------------------
2021-10-19 17:39:31,653 | __main__ | DEBUG:Watchdog thread is running!
-----------------------------------------------------------------------------------------------
2021-10-19 17:39:31,878 | __main__ | DEBUG:-125.2923 has been received from Delta!
-----------------------------------------------------------------------------------------------
2021-10-19 17:39:31,879 | __main__ | DEBUG:Discharging is still running!
-----------------------------------------------------------------------------------------------
2021-10-19 17:39:31,879 | __main__ | DEBUG:Discharger thread class is running!
-----------------------------------------------------------------------------------------------
2021-10-19 17:39:33,105 | __main__ | DEBUG:Datalogger thread class for basic dataframe is running!
-----------------------------------------------------------------------------------------------
2021-10-19 17:39:33,123 | __main__ | DEBUG:11.4990 has been received from Delta!
-----------------------------------------------------------------------------------------------
2021-10-19 17:39:33,135 | __main__ | DEBUG:-124.9324 has been received from Delta!
-----------------------------------------------------------------------------------------------
2021-10-19 17:39:33,156 | __main__ | DEBUG:-1458.63 has been received from Delta!
-----------------------------------------------------------------------------------------------
2021-10-19 17:39:33,195 | __main__ | DEBUG:0.0000e+00 has been received from Delta!
-----------------------------------------------------------------------------------------------
2021-10-19 17:39:33,201 | __main__ | DEBUG:-9.2785e-01 has been received from Delta!
-----------------------------------------------------------------------------------------------
2021-10-19 17:39:33,207 | __main__ | DEBUG:25.6 has been received from Delta!
-----------------------------------------------------------------------------------------------
2021-10-19 17:39:33,216 | __main__ | DEBUG:0.007 has been received from Delta!
-----------------------------------------------------------------------------------------------
2021-10-19 17:39:33,216 | __main__ | DEBUG:Voltage: 11.4990V, Current: -124.9324A, Power: -1458.63W, PositiveAh: 0.0000e+00, NegativeAh: -9.2785e-01, AhSeconds: 25.6AhHours: 0.007
-----------------------------------------------------------------------------------------------
2021-10-19 17:39:35,667 | __main__ | DEBUG:5000 has been received from Delta!
-----------------------------------------------------------------------------------------------
2021-10-19 17:39:35,668 | __main__ | DEBUG:Watchdog is still active!
-----------------------------------------------------------------------------------------------
2021-10-19 17:39:35,668 | __main__ | DEBUG:Watchdog thread is running!
-----------------------------------------------------------------------------------------------
2021-10-19 17:39:36,898 | __main__ | DEBUG:-123.8689 has been received from Delta!
-----------------------------------------------------------------------------------------------
2021-10-19 17:39:36,898 | __main__ | DEBUG:Discharging is still running!
-----------------------------------------------------------------------------------------------
2021-10-19 17:39:36,899 | __main__ | DEBUG:Discharger thread class is running!
-----------------------------------------------------------------------------------------------
2021-10-19 17:39:38,226 | __main__ | DEBUG:Datalogger thread class for basic dataframe is running!
-----------------------------------------------------------------------------------------------
2021-10-19 17:39:38,245 | __main__ | DEBUG:11.5002 has been received from Delta!
-----------------------------------------------------------------------------------------------
2021-10-19 17:39:38,251 | __main__ | DEBUG:-123.5254 has been received from Delta!
-----------------------------------------------------------------------------------------------
2021-10-19 17:39:38,275 | __main__ | DEBUG:-1442.99 has been received from Delta!
-----------------------------------------------------------------------------------------------
2021-10-19 17:39:38,291 | __main__ | DEBUG:0.0000e+00 has been received from Delta!
-----------------------------------------------------------------------------------------------
2021-10-19 17:39:38,307 | __main__ | DEBUG:-1.1038e+00 has been received from Delta!
-----------------------------------------------------------------------------------------------
2021-10-19 17:39:38,324 | __main__ | DEBUG:30.8 has been received from Delta!
-----------------------------------------------------------------------------------------------
2021-10-19 17:39:38,330 | __main__ | DEBUG:0.009 has been received from Delta!
-----------------------------------------------------------------------------------------------
2021-10-19 17:39:38,330 | __main__ | DEBUG:Voltage: 11.5002V, Current: -123.5254A, Power: -1442.99W, PositiveAh: 0.0000e+00, NegativeAh: -1.1038e+00, AhSeconds: 30.8AhHours: 0.009
-----------------------------------------------------------------------------------------------
2021-10-19 17:39:39,700 | __main__ | DEBUG:5000 has been received from Delta!
-----------------------------------------------------------------------------------------------
2021-10-19 17:39:39,700 | __main__ | DEBUG:Watchdog is still active!
-----------------------------------------------------------------------------------------------
2021-10-19 17:39:39,700 | __main__ | DEBUG:Watchdog thread is running!
-----------------------------------------------------------------------------------------------
2021-10-19 17:39:41,916 | __main__ | DEBUG:-122.7237 has been received from Delta!
-----------------------------------------------------------------------------------------------
2021-10-19 17:39:41,917 | __main__ | DEBUG:Discharging is still running!
-----------------------------------------------------------------------------------------------
2021-10-19 17:39:41,917 | __main__ | DEBUG:Discharger thread class is running!
-----------------------------------------------------------------------------------------------
2021-10-19 17:39:43,335 | __main__ | DEBUG:Datalogger thread class for basic dataframe is running!
-----------------------------------------------------------------------------------------------
2021-10-19 17:39:43,354 | __main__ | DEBUG:11.4990 has been received from Delta!
-----------------------------------------------------------------------------------------------
2021-10-19 17:39:43,385 | __main__ | DEBUG:-122.4128 has been received from Delta!
-----------------------------------------------------------------------------------------------
2021-10-19 17:39:43,392 | __main__ | DEBUG:-1430.48 has been received from Delta!
-----------------------------------------------------------------------------------------------
2021-10-19 17:39:43,415 | __main__ | DEBUG:0.0000e+00 has been received from Delta!
-----------------------------------------------------------------------------------------------
2021-10-19 17:39:43,430 | __main__ | DEBUG:-1.2814e+00 has been received from Delta!
-----------------------------------------------------------------------------------------------
2021-10-19 17:39:43,447 | __main__ | DEBUG:35.9 has been received from Delta!
-----------------------------------------------------------------------------------------------
2021-10-19 17:39:43,453 | __main__ | DEBUG:0.010 has been received from Delta!
-----------------------------------------------------------------------------------------------
2021-10-19 17:39:43,453 | __main__ | DEBUG:Voltage: 11.4990V, Current: -122.4128A, Power: -1430.48W, PositiveAh: 0.0000e+00, NegativeAh: -1.2814e+00, AhSeconds: 35.9AhHours: 0.010
-----------------------------------------------------------------------------------------------
2021-10-19 17:39:43,711 | __main__ | DEBUG:5000 has been received from Delta!
-----------------------------------------------------------------------------------------------
2021-10-19 17:39:43,711 | __main__ | DEBUG:Watchdog is still active!
-----------------------------------------------------------------------------------------------
2021-10-19 17:39:43,711 | __main__ | DEBUG:Watchdog thread is running!
-----------------------------------------------------------------------------------------------
2021-10-19 17:39:46,942 | __main__ | DEBUG:-121.7256 has been received from Delta!
-----------------------------------------------------------------------------------------------
2021-10-19 17:39:46,942 | __main__ | DEBUG:Discharging is still running!
-----------------------------------------------------------------------------------------------
2021-10-19 17:39:46,943 | __main__ | DEBUG:Discharger thread class is running!
-----------------------------------------------------------------------------------------------
2021-10-19 17:39:47,730 | __main__ | DEBUG:5000 has been received from Delta!
-----------------------------------------------------------------------------------------------
2021-10-19 17:39:47,730 | __main__ | DEBUG:Watchdog is still active!
-----------------------------------------------------------------------------------------------
2021-10-19 17:39:47,730 | __main__ | DEBUG:Watchdog thread is running!
-----------------------------------------------------------------------------------------------
2021-10-19 17:39:48,461 | __main__ | DEBUG:Datalogger thread class for basic dataframe is running!
-----------------------------------------------------------------------------------------------
2021-10-19 17:39:48,480 | __main__ | DEBUG:11.4990 has been received from Delta!
-----------------------------------------------------------------------------------------------
2021-10-19 17:39:48,510 | __main__ | DEBUG:-121.4966 has been received from Delta!
-----------------------------------------------------------------------------------------------
2021-10-19 17:39:48,526 | __main__ | DEBUG:-1419.85 has been received from Delta!
-----------------------------------------------------------------------------------------------
2021-10-19 17:39:48,557 | __main__ | DEBUG:0.0000e+00 has been received from Delta!
-----------------------------------------------------------------------------------------------
2021-10-19 17:39:48,574 | __main__ | DEBUG:-1.4541e+00 has been received from Delta!
-----------------------------------------------------------------------------------------------
2021-10-19 17:39:48,604 | __main__ | DEBUG:41.0 has been received from Delta!
-----------------------------------------------------------------------------------------------
2021-10-19 17:39:48,634 | __main__ | DEBUG:0.011 has been received from Delta!
-----------------------------------------------------------------------------------------------
2021-10-19 17:39:48,634 | __main__ | DEBUG:Voltage: 11.4990V, Current: -121.4966A, Power: -1419.85W, PositiveAh: 0.0000e+00, NegativeAh: -1.4541e+00, AhSeconds: 41.0AhHours: 0.011
-----------------------------------------------------------------------------------------------
2021-10-19 17:39:51,756 | __main__ | DEBUG:5000 has been received from Delta!
-----------------------------------------------------------------------------------------------
2021-10-19 17:39:51,756 | __main__ | DEBUG:Watchdog is still active!
-----------------------------------------------------------------------------------------------
2021-10-19 17:39:51,756 | __main__ | DEBUG:Watchdog thread is running!
-----------------------------------------------------------------------------------------------
2021-10-19 17:39:51,960 | __main__ | DEBUG:-120.9240 has been received from Delta!
-----------------------------------------------------------------------------------------------
2021-10-19 17:39:51,960 | __main__ | DEBUG:Discharging is still running!
-----------------------------------------------------------------------------------------------
2021-10-19 17:39:51,960 | __main__ | DEBUG:Discharger thread class is running!
-----------------------------------------------------------------------------------------------
2021-10-19 17:39:53,643 | __main__ | DEBUG:Datalogger thread class for basic dataframe is running!
-----------------------------------------------------------------------------------------------
2021-10-19 17:39:53,649 | __main__ | DEBUG:11.5002 has been received from Delta!
-----------------------------------------------------------------------------------------------
2021-10-19 17:39:53,677 | __main__ | DEBUG:-120.6785 has been received from Delta!
-----------------------------------------------------------------------------------------------
2021-10-19 17:39:53,693 | __main__ | DEBUG:-1409.21 has been received from Delta!
-----------------------------------------------------------------------------------------------
2021-10-19 17:39:53,722 | __main__ | DEBUG:0.0000e+00 has been received from Delta!
-----------------------------------------------------------------------------------------------
2021-10-19 17:39:53,738 | __main__ | DEBUG:-1.6291e+00 has been received from Delta!
-----------------------------------------------------------------------------------------------
2021-10-19 17:39:53,743 | __main__ | DEBUG:46.2 has been received from Delta!
-----------------------------------------------------------------------------------------------
2021-10-19 17:39:53,749 | __main__ | DEBUG:0.013 has been received from Delta!
-----------------------------------------------------------------------------------------------
2021-10-19 17:39:53,749 | __main__ | DEBUG:Voltage: 11.5002V, Current: -120.6785A, Power: -1409.21W, PositiveAh: 0.0000e+00, NegativeAh: -1.6291e+00, AhSeconds: 46.2AhHours: 0.013
-----------------------------------------------------------------------------------------------
